<?xml version="1.0" encoding="UTF-8"?>
<!-- Generated by org.testng.reporters.JUnitXMLReporter -->
<testsuite hostname="DESKTOP-N22QR8J" ignored="0" name="LoginTestCases" tests="3" failures="3" timestamp="2021-05-29T10:29:04 IST" time="46.069" errors="0">
  <testcase name="TestLoginWithPasswordFieldBlank" time="0.004" classname="PragatiTraining.TestCaseProject.TestCases.LoginTestCases">
    <failure type="java.lang.NullPointerException">
      <![CDATA[java.lang.NullPointerException
at PragatiTraining.AutomationFrameworkAPI.WebTest.EnterText(WebTest.java:106)
at PragatiTraining.TestCaseProject.Pages.LoginPage.EnterPassword(LoginPage.java:40)
at PragatiTraining.TestCaseProject.TestCases.LoginTestCases.TestLoginWithPasswordFieldBlank(LoginTestCases.java:44)
at java.util.ArrayList.forEach(ArrayList.java:1259)
... Removed 31 stack frames]]>
    </failure>
  </testcase> <!-- TestLoginWithPasswordFieldBlank -->
  <testcase name="TestLoginWithUsernameFieldBlank" time="0.001" classname="PragatiTraining.TestCaseProject.TestCases.LoginTestCases">
    <failure type="java.lang.NullPointerException">
      <![CDATA[java.lang.NullPointerException
at PragatiTraining.AutomationFrameworkAPI.WebTest.EnterText(WebTest.java:106)
at PragatiTraining.TestCaseProject.Pages.LoginPage.EnterUserName(LoginPage.java:35)
at PragatiTraining.TestCaseProject.TestCases.LoginTestCases.TestLoginWithUsernameFieldBlank(LoginTestCases.java:36)
at java.util.ArrayList.forEach(ArrayList.java:1259)
... Removed 31 stack frames]]>
    </failure>
  </testcase> <!-- TestLoginWithUsernameFieldBlank -->
  <testcase name="TestLoginWithValidCredential" time="0.0" classname="PragatiTraining.TestCaseProject.TestCases.LoginTestCases">
    <failure type="java.lang.NullPointerException">
      <![CDATA[java.lang.NullPointerException
at PragatiTraining.AutomationFrameworkAPI.WebTest.EnterText(WebTest.java:106)
at PragatiTraining.TestCaseProject.Pages.LoginPage.EnterUserName(LoginPage.java:35)
at PragatiTraining.TestCaseProject.Pages.LoginPage.DoLogin(LoginPage.java:23)
at PragatiTraining.TestCaseProject.TestCases.LoginTestCases.TestLoginWithValidCredential(LoginTestCases.java:30)
at java.util.ArrayList.forEach(ArrayList.java:1259)
... Removed 31 stack frames]]>
    </failure>
  </testcase> <!-- TestLoginWithValidCredential -->
</testsuite> <!-- LoginTestCases -->
