<?xml version="1.0" encoding="UTF-8"?>
<!-- Generated by org.testng.reporters.JUnitXMLReporter -->
<testsuite ignored="0" hostname="DESKTOP-N22QR8J" failures="3" tests="3" name="LoginTestCases" time="27.319" errors="0" timestamp="2021-05-27T09:32:40 IST">
  <testcase classname="PragatiTraining.TestCaseProject.TestCases.LoginTestCases" name="TestLoginWithPasswordFieldBlank" time="0.015">
    <failure type="java.lang.NullPointerException" message="Cannot invoke &amp;quot;org.openqa.selenium.WebElement.clear()&amp;quot; because &amp;quot;E&amp;quot; is null">
      <![CDATA[java.lang.NullPointerException: Cannot invoke "org.openqa.selenium.WebElement.clear()" because "E" is null
at PragatiTraining.AutomationFrameworkAPI.WebTest.EnterText(WebTest.java:106)
at PragatiTraining.TestCaseProject.Pages.LoginPage.EnterPassword(LoginPage.java:40)
at PragatiTraining.TestCaseProject.TestCases.LoginTestCases.TestLoginWithPasswordFieldBlank(LoginTestCases.java:44)
at java.base/java.util.ArrayList.forEach(ArrayList.java:1511)
... Removed 27 stack frames]]>
    </failure>
  </testcase> <!-- TestLoginWithPasswordFieldBlank -->
  <testcase classname="PragatiTraining.TestCaseProject.TestCases.LoginTestCases" name="TestLoginWithUsernameFieldBlank" time="0.005">
    <failure type="java.lang.NullPointerException" message="Cannot invoke &amp;quot;org.openqa.selenium.WebElement.clear()&amp;quot; because &amp;quot;E&amp;quot; is null">
      <![CDATA[java.lang.NullPointerException: Cannot invoke "org.openqa.selenium.WebElement.clear()" because "E" is null
at PragatiTraining.AutomationFrameworkAPI.WebTest.EnterText(WebTest.java:106)
at PragatiTraining.TestCaseProject.Pages.LoginPage.EnterUserName(LoginPage.java:35)
at PragatiTraining.TestCaseProject.TestCases.LoginTestCases.TestLoginWithUsernameFieldBlank(LoginTestCases.java:36)
at java.base/java.util.ArrayList.forEach(ArrayList.java:1511)
... Removed 27 stack frames]]>
    </failure>
  </testcase> <!-- TestLoginWithUsernameFieldBlank -->
  <testcase classname="PragatiTraining.TestCaseProject.TestCases.LoginTestCases" name="TestLoginWithValidCredential" time="0.003">
    <failure type="java.lang.NullPointerException" message="Cannot invoke &amp;quot;org.openqa.selenium.WebElement.clear()&amp;quot; because &amp;quot;E&amp;quot; is null">
      <![CDATA[java.lang.NullPointerException: Cannot invoke "org.openqa.selenium.WebElement.clear()" because "E" is null
at PragatiTraining.AutomationFrameworkAPI.WebTest.EnterText(WebTest.java:106)
at PragatiTraining.TestCaseProject.Pages.LoginPage.EnterUserName(LoginPage.java:35)
at PragatiTraining.TestCaseProject.Pages.LoginPage.DoLogin(LoginPage.java:23)
at PragatiTraining.TestCaseProject.TestCases.LoginTestCases.TestLoginWithValidCredential(LoginTestCases.java:30)
at java.base/java.util.ArrayList.forEach(ArrayList.java:1511)
... Removed 27 stack frames]]>
    </failure>
  </testcase> <!-- TestLoginWithValidCredential -->
</testsuite> <!-- LoginTestCases -->
